<?xml version="1.0" encoding="UTF-8"?>
<!-- Generated by org.testng.reporters.JUnitReportReporter -->
<testsuite hostname="AbrarSheik-PC" name="Tests.YahooTestNG" tests="1" failures="0" timestamp="29 Jul 2015 11:09:48 GMT" time="0.042" errors="0">
  <testcase name="loginPage" time="0.042" classname="Tests.YahooTestNG"/>
</testsuite> <!-- Tests.YahooTestNG -->
