<?xml version="1.0" encoding="UTF-8"?>
<!-- Generated by org.testng.reporters.JUnitReportReporter -->
<testsuite hostname="AbrarSheik-PC" name="Tests.HomePageTest" tests="1" failures="0" timestamp="30 Jul 2015 15:54:21 GMT" time="0.339" errors="0">
  <testcase name="verifyPageTitle" time="0.339" classname="Tests.HomePageTest"/>
</testsuite> <!-- Tests.HomePageTest -->
