<?xml version="1.0" encoding="UTF-8"?>
<!-- Generated by org.testng.reporters.JUnitReportReporter -->
<testsuite hostname="AbrarSheik-PC" name="YahooTestNG" tests="1" failures="0" timestamp="29 Jul 2015 10:43:22 GMT" time="0.100" errors="0">
  <testcase name="loginPage" time="0.100" classname="YahooTestNG"/>
</testsuite> <!-- YahooTestNG -->
